c:\users\david\desktop\puppet\puppet\puppet\x64\debug\vc143.pdb
c:\users\david\desktop\puppet\puppet\puppet\x64\debug\vc143.idb
c:\users\david\desktop\puppet\puppet\puppet\x64\debug\vbo.obj
c:\users\david\desktop\puppet\puppet\puppet\x64\debug\vao.obj
c:\users\david\desktop\puppet\puppet\puppet\x64\debug\texture.obj
c:\users\david\desktop\puppet\puppet\puppet\x64\debug\stb.obj
c:\users\david\desktop\puppet\puppet\puppet\x64\debug\shaderclass.obj
c:\users\david\desktop\puppet\puppet\puppet\x64\debug\main.obj
c:\users\david\desktop\puppet\puppet\puppet\x64\debug\ebo.obj
c:\users\david\desktop\puppet\puppet\puppet\x64\debug\camera.obj
c:\users\david\desktop\puppet\puppet\puppet\x64\debug\glad.obj
c:\users\david\desktop\puppet\puppet\puppet\x64\debug\imgui_widgets.obj
c:\users\david\desktop\puppet\puppet\puppet\x64\debug\imgui_tables.obj
c:\users\david\desktop\puppet\puppet\puppet\x64\debug\imgui_impl_glfw.obj
c:\users\david\desktop\puppet\puppet\puppet\x64\debug\imgui_draw.obj
c:\users\david\desktop\puppet\puppet\puppet\x64\debug\imgui_demo.obj
c:\users\david\desktop\puppet\puppet\puppet\x64\debug\imgui.obj
c:\users\david\desktop\puppet\puppet\x64\debug\puppet.exe
c:\users\david\desktop\puppet\puppet\puppet\x64\debug\puppet.ilk
c:\users\david\desktop\puppet\puppet\x64\debug\puppet.pdb
c:\users\david\desktop\puppet\puppet\puppet\x64\debug\main.obj.enc
c:\users\david\desktop\puppet\puppet\puppet\x64\debug\puppet.tlog\cl.command.1.tlog
c:\users\david\desktop\puppet\puppet\puppet\x64\debug\puppet.tlog\cl.read.1.tlog
c:\users\david\desktop\puppet\puppet\puppet\x64\debug\puppet.tlog\cl.write.1.tlog
c:\users\david\desktop\puppet\puppet\puppet\x64\debug\puppet.tlog\link.command.1.tlog
c:\users\david\desktop\puppet\puppet\puppet\x64\debug\puppet.tlog\link.read.1.tlog
c:\users\david\desktop\puppet\puppet\puppet\x64\debug\puppet.tlog\link.write.1.tlog
