  main.cpp
C:\Users\david\Desktop\Puppet\puppet\puppet\main.cpp(188,38): warning C4267: 'inicializando': conversión de 'size_t' a 'unsigned int'; posible pérdida de datos
C:\Users\david\Desktop\Puppet\puppet\puppet\main.cpp(293,21): warning C4018: '<': no coinciden signed/unsigned
C:\Users\david\Desktop\Puppet\puppet\puppet\main.cpp(416,20): warning C4244: '=': conversión de 'double' a 'GLfloat'; posible pérdida de datos
C:\Users\david\Desktop\Puppet\puppet\puppet\main.cpp(417,22): warning C4244: '=': conversión de 'double' a 'GLfloat'; posible pérdida de datos
C:\Users\david\Desktop\Puppet\puppet\puppet\main.cpp(420,20): warning C4244: '=': conversión de 'double' a 'GLfloat'; posible pérdida de datos
C:\Users\david\Desktop\Puppet\puppet\puppet\main.cpp(421,23): warning C4244: '=': conversión de 'double' a 'GLfloat'; posible pérdida de datos
C:\Users\david\Desktop\Puppet\puppet\puppet\main.cpp(436,27): warning C4244: 'argumento': conversión de 'double' a '_Ty'; posible pérdida de datos
          with
          [
              _Ty=GLuint
          ]
C:\Users\david\Desktop\Puppet\puppet\puppet\main.cpp(437,29): warning C4244: 'argumento': conversión de 'float' a '_Ty'; posible pérdida de datos
          with
          [
              _Ty=GLuint
          ]
C:\Users\david\Desktop\Puppet\puppet\puppet\main.cpp(438,27): warning C4244: 'argumento': conversión de 'double' a '_Ty'; posible pérdida de datos
          with
          [
              _Ty=GLuint
          ]
C:\Users\david\Desktop\Puppet\puppet\puppet\main.cpp(474,39): warning C4267: 'inicializando': conversión de 'size_t' a 'GLuint'; posible pérdida de datos
C:\Users\david\Desktop\Puppet\puppet\puppet\main.cpp(486,49): warning C4267: '=': conversión de 'size_t' a 'unsigned int'; posible pérdida de datos
C:\Users\david\Desktop\Puppet\puppet\puppet\main.cpp(487,51): warning C4267: '=': conversión de 'size_t' a 'unsigned int'; posible pérdida de datos
C:\Users\david\Desktop\Puppet\puppet\puppet\main.cpp(641,55): warning C4244: 'argumento': conversión de 'double' a 'float'; posible pérdida de datos
C:\Users\david\Desktop\Puppet\puppet\puppet\main.cpp(737,57): warning C4244: 'argumento': conversión de 'double' a 'float'; posible pérdida de datos
C:\Users\david\Desktop\Puppet\puppet\puppet\main.cpp(846,60): warning C4244: 'argumento': conversión de 'double' a 'float'; posible pérdida de datos
C:\Users\david\Desktop\Puppet\puppet\puppet\main.cpp(846,51): warning C4244: 'argumento': conversión de 'double' a 'float'; posible pérdida de datos
C:\Users\david\Desktop\Puppet\puppet\puppet\main.cpp(921,67): warning C4244: 'argumento': conversión de 'double' a 'float'; posible pérdida de datos
C:\Users\david\Desktop\Puppet\puppet\puppet\main.cpp(1044,18): warning C4244: '=': conversión de 'double' a 'GLfloat'; posible pérdida de datos
C:\Users\david\Desktop\Puppet\puppet\puppet\main.cpp(1046,14): warning C4244: 'inicializando': conversión de 'double' a 'float'; posible pérdida de datos
C:\Users\david\Desktop\Puppet\puppet\puppet\main.cpp(1046,38): warning C4244: 'inicializando': conversión de 'double' a 'float'; posible pérdida de datos
C:\Users\david\Desktop\Puppet\puppet\puppet\main.cpp(1047,40): warning C4244: 'argumento': conversión de 'double' a 'float'; posible pérdida de datos
C:\Users\david\Desktop\Puppet\puppet\puppet\main.cpp(1054,90): warning C4244: 'argumento': conversión de 'double' a 'float'; posible pérdida de datos
C:\Users\david\Desktop\Puppet\puppet\puppet\main.cpp(1054,76): warning C4244: 'argumento': conversión de 'double' a 'float'; posible pérdida de datos
C:\Users\david\Desktop\Puppet\puppet\puppet\main.cpp(1054,63): warning C4244: 'argumento': conversión de 'double' a 'float'; posible pérdida de datos
C:\Users\david\Desktop\Puppet\puppet\puppet\main.cpp(1058,90): warning C4244: 'argumento': conversión de 'double' a 'float'; posible pérdida de datos
C:\Users\david\Desktop\Puppet\puppet\puppet\main.cpp(1058,76): warning C4244: 'argumento': conversión de 'double' a 'float'; posible pérdida de datos
C:\Users\david\Desktop\Puppet\puppet\puppet\main.cpp(1058,63): warning C4244: 'argumento': conversión de 'double' a 'float'; posible pérdida de datos
C:\Users\david\Desktop\Puppet\puppet\puppet\main.cpp(1068,88): warning C4244: 'argumento': conversión de 'double' a 'float'; posible pérdida de datos
C:\Users\david\Desktop\Puppet\puppet\puppet\main.cpp(1068,74): warning C4244: 'argumento': conversión de 'double' a 'float'; posible pérdida de datos
C:\Users\david\Desktop\Puppet\puppet\puppet\main.cpp(1068,63): warning C4244: 'argumento': conversión de 'double' a 'float'; posible pérdida de datos
C:\Users\david\Desktop\Puppet\puppet\puppet\main.cpp(1071,88): warning C4244: 'argumento': conversión de 'double' a 'float'; posible pérdida de datos
C:\Users\david\Desktop\Puppet\puppet\puppet\main.cpp(1071,74): warning C4244: 'argumento': conversión de 'double' a 'float'; posible pérdida de datos
C:\Users\david\Desktop\Puppet\puppet\puppet\main.cpp(1071,63): warning C4244: 'argumento': conversión de 'double' a 'float'; posible pérdida de datos
C:\Users\david\Desktop\Puppet\puppet\puppet\main.cpp(1074,97): warning C4244: 'argumento': conversión de 'double' a 'float'; posible pérdida de datos
C:\Users\david\Desktop\Puppet\puppet\puppet\main.cpp(1074,83): warning C4244: 'argumento': conversión de 'double' a 'float'; posible pérdida de datos
C:\Users\david\Desktop\Puppet\puppet\puppet\main.cpp(1074,68): warning C4244: 'argumento': conversión de 'double' a 'float'; posible pérdida de datos
C:\Users\david\Desktop\Puppet\puppet\puppet\main.cpp(1078,90): warning C4244: 'argumento': conversión de 'double' a 'float'; posible pérdida de datos
C:\Users\david\Desktop\Puppet\puppet\puppet\main.cpp(1078,77): warning C4244: 'argumento': conversión de 'double' a 'float'; posible pérdida de datos
C:\Users\david\Desktop\Puppet\puppet\puppet\main.cpp(1078,64): warning C4244: 'argumento': conversión de 'double' a 'float'; posible pérdida de datos
C:\Users\david\Desktop\Puppet\puppet\puppet\main.cpp(1113,14): warning C4244: 'inicializando': conversión de 'double' a 'GLfloat'; posible pérdida de datos
  puppet.vcxproj -> C:\Users\david\Desktop\Puppet\puppet\x64\Debug\puppet.exe
